build/intermediates/manifest_merge_blame_file/release/manifest-merger-blame-release-report.txt
1<?xml version="1.0" encoding="utf-8"?>
2<manifest xmlns:android="http://schemas.android.com/apk/res/android"
3    package="com.sample"
4    android:versionCode="1"
5    android:versionName="1.0" >
6
7    <uses-sdk
8        android:minSdkVersion="30"
8-->src/main/AndroidManifest.xml
9        android:targetSdkVersion="30" />
9-->src/main/AndroidManifest.xml
10
11    <application
11-->src/main/AndroidManifest.xml:6:5-14:19
12        android:extractNativeLibs="false"
13        android:icon="@drawable/ic_launcher"
13-->src/main/AndroidManifest.xml:6:51-87
14        android:label="@string/app_name" >
14-->src/main/AndroidManifest.xml:6:18-50
15        <activity
15-->src/main/AndroidManifest.xml:7:9-13:20
16            android:name="com.sample.MainActivity"
16-->src/main/AndroidManifest.xml:7:19-46
17            android:label="@string/app_name" >
17-->src/main/AndroidManifest.xml:8:19-51
18            <intent-filter>
18-->src/main/AndroidManifest.xml:9:13-12:29
19                <action android:name="android.intent.action.MAIN" />
19-->src/main/AndroidManifest.xml:10:17-69
19-->src/main/AndroidManifest.xml:10:25-66
20
21                <category android:name="android.intent.category.LAUNCHER" />
21-->src/main/AndroidManifest.xml:11:17-77
21-->src/main/AndroidManifest.xml:11:27-74
22            </intent-filter>
23        </activity>
24    </application>
25
26</manifest>